# JRE version: OpenJDK Runtime Environment (21.0.5) (build 21.0.5+-13047016-b750.29)
# Java VM: OpenJDK 64-Bit Server VM (21.0.5+-13047016-b750.29, mixed mode, tiered, compressed oops, compressed class ptrs, g1 gc, windows-amd64)
GC Precious Log:
 CardTable entry size: 512
 Card Set container configuration: InlinePtr #cards 5 size 8 Array Of Cards #cards 12 size 40 Howl #buckets 4 coarsen threshold 1843 Howl Bitmap #cards 512 size 80 coarsen threshold 460 Card regions per heap region 1 cards per card region 2048
 CPUs: 12 total, 12 available
 Memory: 7971M
 Large Page Support: Disabled
 NUMA Support: Disabled
 Compressed Oops: Enabled (32-bit)
 Heap Region Size: 1M
 Heap Min Capacity: 8M
 Heap Initial Capacity: 126M
 Heap Max Capacity: 2G
 Pre-touch: Disabled
 Parallel Workers: 10
 Concurrent Workers: 3
 Concurrent Refinement Workers: 10
 Periodic GC: Disabled
Heap:
 garbage-first heap   total 191488K, used 169951K [0x0000000080000000, 0x0000000100000000)
  region size 1024K, 56 young (57344K), 6 survivors (6144K)
 Metaspace       used 120031K, committed 122240K, reserved 1179648K
  class space    used 16146K, committed 17280K, reserved 1048576K
GC Heap History (20 events):
Event: 15.713 GC heap before
{Heap before GC invocations=37 (full 0):
 garbage-first heap   total 159744K, used 145567K [0x0000000080000000, 0x0000000100000000)
  region size 1024K, 63 young (64512K), 4 survivors (4096K)
 Metaspace       used 92850K, committed 94784K, reserved 1179648K
  class space    used 12358K, committed 13376K, reserved 1048576K
}
Event: 15.718 GC heap after
{Heap after GC invocations=38 (full 0):
 garbage-first heap   total 159744K, used 90195K [0x0000000080000000, 0x0000000100000000)
  region size 1024K, 8 young (8192K), 8 survivors (8192K)
 Metaspace       used 92850K, committed 94784K, reserved 1179648K
  class space    used 12358K, committed 13376K, reserved 1048576K
}
Event: 16.291 GC heap before
{Heap before GC invocations=38 (full 0):
 garbage-first heap   total 159744K, used 141395K [0x0000000080000000, 0x0000000100000000)
  region size 1024K, 58 young (59392K), 8 survivors (8192K)
 Metaspace       used 96814K, committed 98880K, reserved 1179648K
  class space    used 12910K, committed 13952K, reserved 1048576K
}
Event: 16.297 GC heap after
{Heap after GC invocations=39 (full 0):
 garbage-first heap   total 159744K, used 92215K [0x0000000080000000, 0x0000000100000000)
  region size 1024K, 3 young (3072K), 3 survivors (3072K)
 Metaspace       used 96814K, committed 98880K, reserved 1179648K
  class space    used 12910K, committed 13952K, reserved 1048576K
}
Event: 17.070 GC heap before
{Heap before GC invocations=39 (full 0):
 garbage-first heap   total 159744K, used 145463K [0x0000000080000000, 0x0000000100000000)
  region size 1024K, 55 young (56320K), 3 survivors (3072K)
 Metaspace       used 101115K, committed 103232K, reserved 1179648K
  class space    used 13648K, committed 14720K, reserved 1048576K
}
Event: 17.073 GC heap after
{Heap after GC invocations=40 (full 0):
 garbage-first heap   total 159744K, used 93896K [0x0000000080000000, 0x0000000100000000)
  region size 1024K, 4 young (4096K), 4 survivors (4096K)
 Metaspace       used 101115K, committed 103232K, reserved 1179648K
  class space    used 13648K, committed 14720K, reserved 1048576K
}
Event: 17.720 GC heap before
{Heap before GC invocations=41 (full 0):
 garbage-first heap   total 159744K, used 146120K [0x0000000080000000, 0x0000000100000000)
  region size 1024K, 55 young (56320K), 4 survivors (4096K)
 Metaspace       used 104650K, committed 106752K, reserved 1179648K
  class space    used 14201K, committed 15296K, reserved 1048576K
}
Event: 17.724 GC heap after
{Heap after GC invocations=42 (full 0):
 garbage-first heap   total 159744K, used 96819K [0x0000000080000000, 0x0000000100000000)
  region size 1024K, 7 young (7168K), 7 survivors (7168K)
 Metaspace       used 104650K, committed 106752K, reserved 1179648K
  class space    used 14201K, committed 15296K, reserved 1048576K
}
Event: 18.218 GC heap before
{Heap before GC invocations=42 (full 0):
 garbage-first heap   total 159744K, used 142899K [0x0000000080000000, 0x0000000100000000)
  region size 1024K, 52 young (53248K), 7 survivors (7168K)
 Metaspace       used 108254K, committed 110336K, reserved 1179648K
  class space    used 14759K, committed 15808K, reserved 1048576K
}
Event: 18.223 GC heap after
{Heap after GC invocations=43 (full 0):
 garbage-first heap   total 159744K, used 97492K [0x0000000080000000, 0x0000000100000000)
  region size 1024K, 5 young (5120K), 5 survivors (5120K)
 Metaspace       used 108254K, committed 110336K, reserved 1179648K
  class space    used 14759K, committed 15808K, reserved 1048576K
}
Event: 19.024 GC heap before
{Heap before GC invocations=43 (full 0):
 garbage-first heap   total 159744K, used 144596K [0x0000000080000000, 0x0000000100000000)
  region size 1024K, 51 young (52224K), 5 survivors (5120K)
 Metaspace       used 112019K, committed 114240K, reserved 1179648K
  class space    used 15222K, committed 16320K, reserved 1048576K
}
Event: 19.030 GC heap after
{Heap after GC invocations=44 (full 0):
 garbage-first heap   total 159744K, used 100871K [0x0000000080000000, 0x0000000100000000)
  region size 1024K, 6 young (6144K), 6 survivors (6144K)
 Metaspace       used 112019K, committed 114240K, reserved 1179648K
  class space    used 15222K, committed 16320K, reserved 1048576K
}
Event: 19.784 GC heap before
{Heap before GC invocations=45 (full 0):
 garbage-first heap   total 168960K, used 147975K [0x0000000080000000, 0x0000000100000000)
  region size 1024K, 48 young (49152K), 6 survivors (6144K)
 Metaspace       used 115433K, committed 117632K, reserved 1179648K
  class space    used 15531K, committed 16640K, reserved 1048576K
}
Event: 19.791 GC heap after
{Heap after GC invocations=46 (full 0):
 garbage-first heap   total 168960K, used 107078K [0x0000000080000000, 0x0000000100000000)
  region size 1024K, 6 young (6144K), 6 survivors (6144K)
 Metaspace       used 115433K, committed 117632K, reserved 1179648K
  class space    used 15531K, committed 16640K, reserved 1048576K
}
Event: 20.443 GC heap before
{Heap before GC invocations=46 (full 0):
 garbage-first heap   total 168960K, used 152134K [0x0000000080000000, 0x0000000100000000)
  region size 1024K, 51 young (52224K), 6 survivors (6144K)
 Metaspace       used 117306K, committed 119488K, reserved 1179648K
  class space    used 15788K, committed 16896K, reserved 1048576K
}
Event: 20.450 GC heap after
{Heap after GC invocations=47 (full 0):
 garbage-first heap   total 168960K, used 111761K [0x0000000080000000, 0x0000000100000000)
  region size 1024K, 6 young (6144K), 6 survivors (6144K)
 Metaspace       used 117306K, committed 119488K, reserved 1179648K
  class space    used 15788K, committed 16896K, reserved 1048576K
}
Event: 20.959 GC heap before
{Heap before GC invocations=47 (full 0):
 garbage-first heap   total 168960K, used 152721K [0x0000000080000000, 0x0000000100000000)
  region size 1024K, 46 young (47104K), 6 survivors (6144K)
 Metaspace       used 117312K, committed 119616K, reserved 1179648K
  class space    used 15789K, committed 16960K, reserved 1048576K
}
Event: 20.963 GC heap after
{Heap after GC invocations=48 (full 0):
 garbage-first heap   total 168960K, used 113307K [0x0000000080000000, 0x0000000100000000)
  region size 1024K, 4 young (4096K), 4 survivors (4096K)
 Metaspace       used 117312K, committed 119616K, reserved 1179648K
  class space    used 15789K, committed 16960K, reserved 1048576K
}
Event: 21.699 GC heap before
{Heap before GC invocations=49 (full 0):
 garbage-first heap   total 191488K, used 154267K [0x0000000080000000, 0x0000000100000000)
  region size 1024K, 43 young (44032K), 4 survivors (4096K)
 Metaspace       used 118702K, committed 120896K, reserved 1179648K
  class space    used 16004K, committed 17088K, reserved 1048576K
}
Event: 21.703 GC heap after
{Heap after GC invocations=50 (full 0):
 garbage-first heap   total 191488K, used 117727K [0x0000000080000000, 0x0000000100000000)
  region size 1024K, 6 young (6144K), 6 survivors (6144K)
 Metaspace       used 118702K, committed 120896K, reserved 1179648K
  class space    used 16004K, committed 17088K, reserved 1048576K
}

